This is pdfTeX, Version 3.1415926-2.5-1.40.14 (TeX Live 2013/Debian) (format=pdflatex 2015.3.31)  18 MAY 2015 14:59
entering extended mode
 restricted \write18 enabled.
 %&-line parsing enabled.
**paper1
(./paper1.tex
LaTeX2e <2011/06/27>
Babel <3.9h> and hyphenation patterns for 78 languages loaded.
(/usr/share/texlive/texmf-dist/tex/latex/base/article.cls
Document Class: article 2007/10/19 v1.4h Standard LaTeX document class
(/usr/share/texlive/texmf-dist/tex/latex/base/size10.clo
File: size10.clo 2007/10/19 v1.4h Standard LaTeX file (size option)
)
\c@part=\count79
\c@section=\count80
\c@subsection=\count81
\c@subsubsection=\count82
\c@paragraph=\count83
\c@subparagraph=\count84
\c@figure=\count85
\c@table=\count86
\abovecaptionskip=\skip41
\belowcaptionskip=\skip42
\bibindent=\dimen102
)
(/usr/share/texlive/texmf-dist/tex/latex/amsmath/amsmath.sty
Package: amsmath 2013/01/14 v2.14 AMS math features
\@mathmargin=\skip43

For additional information on amsmath, use the `?' option.
(/usr/share/texlive/texmf-dist/tex/latex/amsmath/amstext.sty
Package: amstext 2000/06/29 v2.01

(/usr/share/texlive/texmf-dist/tex/latex/amsmath/amsgen.sty
File: amsgen.sty 1999/11/30 v2.0
\@emptytoks=\toks14
\ex@=\dimen103
))
(/usr/share/texlive/texmf-dist/tex/latex/amsmath/amsbsy.sty
Package: amsbsy 1999/11/29 v1.2d
\pmbraise@=\dimen104
)
(/usr/share/texlive/texmf-dist/tex/latex/amsmath/amsopn.sty
Package: amsopn 1999/12/14 v2.01 operator names
)
\inf@bad=\count87
LaTeX Info: Redefining \frac on input line 210.
\uproot@=\count88
\leftroot@=\count89
LaTeX Info: Redefining \overline on input line 306.
\classnum@=\count90
\DOTSCASE@=\count91
LaTeX Info: Redefining \ldots on input line 378.
LaTeX Info: Redefining \dots on input line 381.
LaTeX Info: Redefining \cdots on input line 466.
\Mathstrutbox@=\box26
\strutbox@=\box27
\big@size=\dimen105
LaTeX Font Info:    Redeclaring font encoding OML on input line 566.
LaTeX Font Info:    Redeclaring font encoding OMS on input line 567.
\macc@depth=\count92
\c@MaxMatrixCols=\count93
\dotsspace@=\muskip10
\c@parentequation=\count94
\dspbrk@lvl=\count95
\tag@help=\toks15
\row@=\count96
\column@=\count97
\maxfields@=\count98
\andhelp@=\toks16
\eqnshift@=\dimen106
\alignsep@=\dimen107
\tagshift@=\dimen108
\tagwidth@=\dimen109
\totwidth@=\dimen110
\lineht@=\dimen111
\@envbody=\toks17
\multlinegap=\skip44
\multlinetaggap=\skip45
\mathdisplay@stack=\toks18
LaTeX Info: Redefining \[ on input line 2665.
LaTeX Info: Redefining \] on input line 2666.
)
(/usr/share/texlive/texmf-dist/tex/latex/amscls/amsthm.sty
Package: amsthm 2004/08/06 v2.20
\thm@style=\toks19
\thm@bodyfont=\toks20
\thm@headfont=\toks21
\thm@notefont=\toks22
\thm@headpunct=\toks23
\thm@preskip=\skip46
\thm@postskip=\skip47
\thm@headsep=\skip48
\dth@everypar=\toks24
)
(/usr/share/texlive/texmf-dist/tex/latex/graphics/graphicx.sty
Package: graphicx 1999/02/16 v1.0f Enhanced LaTeX Graphics (DPC,SPQR)

(/usr/share/texlive/texmf-dist/tex/latex/graphics/keyval.sty
Package: keyval 1999/03/16 v1.13 key=value parser (DPC)
\KV@toks@=\toks25
)
(/usr/share/texlive/texmf-dist/tex/latex/graphics/graphics.sty
Package: graphics 2009/02/05 v1.0o Standard LaTeX Graphics (DPC,SPQR)

(/usr/share/texlive/texmf-dist/tex/latex/graphics/trig.sty
Package: trig 1999/03/16 v1.09 sin cos tan (DPC)
)
(/usr/share/texlive/texmf-dist/tex/latex/latexconfig/graphics.cfg
File: graphics.cfg 2010/04/23 v1.9 graphics configuration of TeX Live
)
Package graphics Info: Driver file: pdftex.def on input line 91.

(/usr/share/texlive/texmf-dist/tex/latex/pdftex-def/pdftex.def
File: pdftex.def 2011/05/27 v0.06d Graphics/color for pdfTeX

(/usr/share/texlive/texmf-dist/tex/generic/oberdiek/infwarerr.sty
Package: infwarerr 2010/04/08 v1.3 Providing info/warning/error messages (HO)
)
(/usr/share/texlive/texmf-dist/tex/generic/oberdiek/ltxcmds.sty
Package: ltxcmds 2011/11/09 v1.22 LaTeX kernel commands for general use (HO)
)
\Gread@gobject=\count99
))
\Gin@req@height=\dimen112
\Gin@req@width=\dimen113
)
(/usr/share/texlive/texmf-dist/tex/latex/amsfonts/amssymb.sty
Package: amssymb 2013/01/14 v3.01 AMS font symbols

(/usr/share/texlive/texmf-dist/tex/latex/amsfonts/amsfonts.sty
Package: amsfonts 2013/01/14 v3.01 Basic AMSFonts support
\symAMSa=\mathgroup4
\symAMSb=\mathgroup5
LaTeX Font Info:    Overwriting math alphabet `\mathfrak' in version `bold'
(Font)                  U/euf/m/n --> U/euf/b/n on input line 106.
))
(/usr/share/texlive/texmf-dist/tex/latex/wrapfig/wrapfig.sty
\wrapoverhang=\dimen114
\WF@size=\dimen115
\c@WF@wrappedlines=\count100
\WF@box=\box28
\WF@everypar=\toks26
Package: wrapfig 2003/01/31  v 3.6
)
(/usr/share/texlive/texmf-dist/tex/latex/preprint/fullpage.sty
Package: fullpage 1999/02/23 1.1 (PWD)
\FP@margin=\skip49
)
(/usr/share/texlive/texmf-dist/tex/latex/subfigure/subfigure.sty
Package: subfigure 2002/03/15 v2.1.5 subfigure package
\subfigtopskip=\skip50
\subfigcapskip=\skip51
\subfigcaptopadj=\dimen116
\subfigbottomskip=\skip52
\subfigcapmargin=\dimen117
\subfiglabelskip=\skip53
\c@subfigure=\count101
\c@lofdepth=\count102
\c@subtable=\count103
\c@lotdepth=\count104

****************************************
* Local config file subfigure.cfg used *
****************************************
(/usr/share/texlive/texmf-dist/tex/latex/subfigure/subfigure.cfg)
\subfig@top=\skip54
\subfig@bottom=\skip55
)
(/usr/share/texlive/texmf-dist/tex/latex/tools/array.sty
Package: array 2008/09/09 v2.4c Tabular extension package (FMi)
\col@sep=\dimen118
\extrarowheight=\dimen119
\NC@list=\toks27
\extratabsurround=\skip56
\backup@length=\skip57
)
(/usr/share/texlive/texmf-dist/tex/latex/float/float.sty
Package: float 2001/11/08 v1.3d Float enhancements (AL)
\c@float@type=\count105
\float@exts=\toks28
\float@box=\box29
\@float@everytoks=\toks29
\@floatcapt=\box30
)
(/usr/share/texlive/texmf-dist/tex/latex/algorithm2e/algorithm2e.sty
Package: algorithm2e 2013/01/06 v5.00 algorithms environments
\c@AlgoLine=\count106

(/usr/share/texlive/texmf-dist/tex/latex/base/ifthen.sty
Package: ifthen 2001/05/26 v1.1c Standard LaTeX ifthen package (DPC)
)
(/usr/share/texlive/texmf-dist/tex/latex/tools/xspace.sty
Package: xspace 2009/10/20 v1.13 Space after command names (DPC,MH)
)
(/usr/share/texlive/texmf-dist/tex/latex/relsize/relsize.sty
Package: relsize 2013/03/29 ver 4.1
)
********************************************************
Package `algorithm2e' Release 5.0 -- january 06 2013 --
- algorithm2e-announce@lirmm.fr mailing list for announcement about releases
- algorithm2e-discussion@lirmm.fr mailing list for discussion about package
subscribe by emailing sympa@lirmm.fr with 'subscribe <list> <firstname name>'
- Author: Christophe Fiorio (cfiorio@um2.fr)
********************************************************
\skiptotal=\skip58
\skiplinenumber=\skip59
\skiprule=\skip60
\skiphlne=\skip61
\skiptext=\skip62
\skiplength=\skip63
\algomargin=\skip64
\skipalgocfslide=\skip65
\algowidth=\dimen120
\inoutsize=\dimen121
\inoutindent=\dimen122
\interspacetitleruled=\dimen123
\interspacealgoruled=\dimen124
\interspacetitleboxruled=\dimen125
\algocf@inoutbox=\box31
\algocf@inputbox=\box32
\AlCapSkip=\skip66
\AlCapHSkip=\skip67
\algoskipindent=\skip68
\algocf@nlbox=\box33
\algocf@hangingbox=\box34
\algocf@untilbox=\box35
\algocf@skipuntil=\skip69
\algocf@capbox=\box36
\algoheightruledefault=\skip70
\algoheightrule=\skip71
\algotitleheightruledefault=\skip72
\algotitleheightrule=\skip73
\c@algocfline=\count107
\c@algocfproc=\count108
\c@algocf=\count109
\algocf@algoframe=\box37
\algocf@algobox=\box38
) (/usr/share/texlive/texmf-dist/tex/latex/appendix/appendix.sty
Package: appendix 2009/09/02 v1.2b extra appendix facilities
\c@@pps=\count110
\c@@ppsavesec=\count111
\c@@ppsaveapp=\count112
)
(/usr/share/texlive/texmf-dist/tex/latex/pdfpages/pdfpages.sty
Package: pdfpages 2013/08/25 v0.4v Insert pages of external PDF documents (AM)

(/usr/share/texlive/texmf-dist/tex/latex/tools/calc.sty
Package: calc 2007/08/22 v4.3 Infix arithmetic (KKT,FJ)
\calc@Acount=\count113
\calc@Bcount=\count114
\calc@Adimen=\dimen126
\calc@Bdimen=\dimen127
\calc@Askip=\skip74
\calc@Bskip=\skip75
LaTeX Info: Redefining \setlength on input line 76.
LaTeX Info: Redefining \addtolength on input line 77.
\calc@Ccount=\count115
\calc@Cskip=\skip76
)
(/usr/share/texlive/texmf-dist/tex/latex/eso-pic/eso-pic.sty
Package: eso-pic 2013/10/06 v2.0d eso-pic (RN)

(/usr/share/texlive/texmf-dist/tex/generic/oberdiek/atbegshi.sty
Package: atbegshi 2011/10/05 v1.16 At begin shipout hook (HO)

(/usr/share/texlive/texmf-dist/tex/generic/oberdiek/ifpdf.sty
Package: ifpdf 2011/01/30 v2.3 Provides the ifpdf switch (HO)
Package ifpdf Info: pdfTeX in PDF mode is detected.
))
(/usr/share/texmf/tex/latex/xcolor/xcolor.sty
Package: xcolor 2007/01/21 v2.11 LaTeX color extensions (UK)

(/usr/share/texlive/texmf-dist/tex/latex/latexconfig/color.cfg
File: color.cfg 2007/01/18 v1.5 color configuration of teTeX/TeXLive
)
Package xcolor Info: Driver file: pdftex.def on input line 225.
Package xcolor Info: Model `cmy' substituted by `cmy0' on input line 1337.
Package xcolor Info: Model `hsb' substituted by `rgb' on input line 1341.
Package xcolor Info: Model `RGB' extended on input line 1353.
Package xcolor Info: Model `HTML' substituted by `rgb' on input line 1355.
Package xcolor Info: Model `Hsb' substituted by `hsb' on input line 1356.
Package xcolor Info: Model `tHsb' substituted by `hsb' on input line 1357.
Package xcolor Info: Model `HSB' substituted by `hsb' on input line 1358.
Package xcolor Info: Model `Gray' substituted by `gray' on input line 1359.
Package xcolor Info: Model `wave' substituted by `hsb' on input line 1360.
))
(/usr/share/texlive/texmf-dist/tex/latex/pdfpages/pppdftex.def
File: pppdftex.def 2013/08/25 v0.4v Pdfpages driver for pdfTeX (AM)
)
\AM@pagebox=\box39
\AM@toc@title=\toks30
\c@AM@survey=\count116
\AM@templatesizebox=\box40
)
(/usr/share/texlive/texmf-dist/tex/latex/nomencl/nomencl.sty
Package: nomencl 2005/09/22 v4.2 Nomenclature package (LN)
\nomlabelwidth=\dimen128
\nom@tempdim=\dimen129
\nomitemsep=\skip77
)
(/usr/share/texlive/texmf-dist/tex/latex/psnfss/pifont.sty
Package: pifont 2005/04/12 PSNFSS-v9.2a Pi font support (SPQR) 
LaTeX Font Info:    Try loading font information for U+pzd on input line 63.

(/usr/share/texlive/texmf-dist/tex/latex/psnfss/upzd.fd
File: upzd.fd 2001/06/04 font definitions for U/pzd.
)
LaTeX Font Info:    Try loading font information for U+psy on input line 64.

(/usr/share/texlive/texmf-dist/tex/latex/psnfss/upsy.fd
File: upsy.fd 2001/06/04 font definitions for U/psy.
))
(/usr/share/texlive/texmf-dist/tex/latex/tocbibind/tocbibind.sty
Package: tocbibind 2010/10/13 v1.5k extra ToC listings
Package tocbibind Info: The document has section divisions on input line 50.


Package tocbibind Note: Using section or other style headings.

) (/usr/share/texmf/tex/latex/pgf/frontendlayer/tikz.sty
(/usr/share/texmf/tex/latex/pgf/basiclayer/pgf.sty
(/usr/share/texmf/tex/latex/pgf/utilities/pgfrcs.sty
(/usr/share/texmf/tex/generic/pgf/utilities/pgfutil-common.tex
\pgfutil@everybye=\toks31
)
(/usr/share/texmf/tex/generic/pgf/utilities/pgfutil-latex.def
\pgfutil@abb=\box41

(/usr/share/texlive/texmf-dist/tex/latex/ms/everyshi.sty
Package: everyshi 2001/05/15 v3.00 EveryShipout Package (MS)
))
(/usr/share/texmf/tex/generic/pgf/utilities/pgfrcs.code.tex
Package: pgfrcs 2010/10/25 v2.10 (rcs-revision 1.24)
))
Package: pgf 2008/01/15 v2.10 (rcs-revision 1.12)

(/usr/share/texmf/tex/latex/pgf/basiclayer/pgfcore.sty
(/usr/share/texmf/tex/latex/pgf/systemlayer/pgfsys.sty
(/usr/share/texmf/tex/generic/pgf/systemlayer/pgfsys.code.tex
Package: pgfsys 2010/06/30 v2.10 (rcs-revision 1.37)

(/usr/share/texmf/tex/generic/pgf/utilities/pgfkeys.code.tex
\pgfkeys@pathtoks=\toks32
\pgfkeys@temptoks=\toks33

(/usr/share/texmf/tex/generic/pgf/utilities/pgfkeysfiltered.code.tex
\pgfkeys@tmptoks=\toks34
))
\pgf@x=\dimen130
\pgf@y=\dimen131
\pgf@xa=\dimen132
\pgf@ya=\dimen133
\pgf@xb=\dimen134
\pgf@yb=\dimen135
\pgf@xc=\dimen136
\pgf@yc=\dimen137
\w@pgf@writea=\write3
\r@pgf@reada=\read1
\c@pgf@counta=\count117
\c@pgf@countb=\count118
\c@pgf@countc=\count119
\c@pgf@countd=\count120

(/usr/share/texmf/tex/generic/pgf/systemlayer/pgf.cfg
File: pgf.cfg 2008/05/14  (rcs-revision 1.7)
)
Package pgfsys Info: Driver file for pgf: pgfsys-pdftex.def on input line 900.

(/usr/share/texmf/tex/generic/pgf/systemlayer/pgfsys-pdftex.def
File: pgfsys-pdftex.def 2009/05/22  (rcs-revision 1.26)

(/usr/share/texmf/tex/generic/pgf/systemlayer/pgfsys-common-pdf.def
File: pgfsys-common-pdf.def 2008/05/19  (rcs-revision 1.10)
)))
(/usr/share/texmf/tex/generic/pgf/systemlayer/pgfsyssoftpath.code.tex
File: pgfsyssoftpath.code.tex 2008/07/18  (rcs-revision 1.7)
\pgfsyssoftpath@smallbuffer@items=\count121
\pgfsyssoftpath@bigbuffer@items=\count122
)
(/usr/share/texmf/tex/generic/pgf/systemlayer/pgfsysprotocol.code.tex
File: pgfsysprotocol.code.tex 2006/10/16  (rcs-revision 1.4)
))
(/usr/share/texmf/tex/generic/pgf/basiclayer/pgfcore.code.tex
Package: pgfcore 2010/04/11 v2.10 (rcs-revision 1.7)

(/usr/share/texmf/tex/generic/pgf/math/pgfmath.code.tex
(/usr/share/texmf/tex/generic/pgf/math/pgfmathcalc.code.tex
(/usr/share/texmf/tex/generic/pgf/math/pgfmathutil.code.tex)
(/usr/share/texmf/tex/generic/pgf/math/pgfmathparser.code.tex
\pgfmath@dimen=\dimen138
\pgfmath@count=\count123
\pgfmath@box=\box42
\pgfmath@toks=\toks35
\pgfmath@stack@operand=\toks36
\pgfmath@stack@operation=\toks37
)
(/usr/share/texmf/tex/generic/pgf/math/pgfmathfunctions.code.tex
(/usr/share/texmf/tex/generic/pgf/math/pgfmathfunctions.basic.code.tex)
(/usr/share/texmf/tex/generic/pgf/math/pgfmathfunctions.trigonometric.code.tex)
(/usr/share/texmf/tex/generic/pgf/math/pgfmathfunctions.random.code.tex)
(/usr/share/texmf/tex/generic/pgf/math/pgfmathfunctions.comparison.code.tex)
(/usr/share/texmf/tex/generic/pgf/math/pgfmathfunctions.base.code.tex)
(/usr/share/texmf/tex/generic/pgf/math/pgfmathfunctions.round.code.tex)
(/usr/share/texmf/tex/generic/pgf/math/pgfmathfunctions.misc.code.tex)))
(/usr/share/texmf/tex/generic/pgf/math/pgfmathfloat.code.tex
\c@pgfmathroundto@lastzeros=\count124
))
(/usr/share/texmf/tex/generic/pgf/basiclayer/pgfcorepoints.code.tex
File: pgfcorepoints.code.tex 2010/04/09  (rcs-revision 1.20)
\pgf@picminx=\dimen139
\pgf@picmaxx=\dimen140
\pgf@picminy=\dimen141
\pgf@picmaxy=\dimen142
\pgf@pathminx=\dimen143
\pgf@pathmaxx=\dimen144
\pgf@pathminy=\dimen145
\pgf@pathmaxy=\dimen146
\pgf@xx=\dimen147
\pgf@xy=\dimen148
\pgf@yx=\dimen149
\pgf@yy=\dimen150
\pgf@zx=\dimen151
\pgf@zy=\dimen152
)
(/usr/share/texmf/tex/generic/pgf/basiclayer/pgfcorepathconstruct.code.tex
File: pgfcorepathconstruct.code.tex 2010/08/03  (rcs-revision 1.24)
\pgf@path@lastx=\dimen153
\pgf@path@lasty=\dimen154
)
(/usr/share/texmf/tex/generic/pgf/basiclayer/pgfcorepathusage.code.tex
File: pgfcorepathusage.code.tex 2008/04/22  (rcs-revision 1.12)
\pgf@shorten@end@additional=\dimen155
\pgf@shorten@start@additional=\dimen156
)
(/usr/share/texmf/tex/generic/pgf/basiclayer/pgfcorescopes.code.tex
File: pgfcorescopes.code.tex 2010/09/08  (rcs-revision 1.34)
\pgfpic=\box43
\pgf@hbox=\box44
\pgf@layerbox@main=\box45
\pgf@picture@serial@count=\count125
)
(/usr/share/texmf/tex/generic/pgf/basiclayer/pgfcoregraphicstate.code.tex
File: pgfcoregraphicstate.code.tex 2008/04/22  (rcs-revision 1.9)
\pgflinewidth=\dimen157
)
(/usr/share/texmf/tex/generic/pgf/basiclayer/pgfcoretransformations.code.tex
File: pgfcoretransformations.code.tex 2009/06/10  (rcs-revision 1.11)
\pgf@pt@x=\dimen158
\pgf@pt@y=\dimen159
\pgf@pt@temp=\dimen160
)
(/usr/share/texmf/tex/generic/pgf/basiclayer/pgfcorequick.code.tex
File: pgfcorequick.code.tex 2008/10/09  (rcs-revision 1.3)
)
(/usr/share/texmf/tex/generic/pgf/basiclayer/pgfcoreobjects.code.tex
File: pgfcoreobjects.code.tex 2006/10/11  (rcs-revision 1.2)
)
(/usr/share/texmf/tex/generic/pgf/basiclayer/pgfcorepathprocessing.code.tex
File: pgfcorepathprocessing.code.tex 2008/10/09  (rcs-revision 1.8)
)
(/usr/share/texmf/tex/generic/pgf/basiclayer/pgfcorearrows.code.tex
File: pgfcorearrows.code.tex 2008/04/23  (rcs-revision 1.11)
)
(/usr/share/texmf/tex/generic/pgf/basiclayer/pgfcoreshade.code.tex
File: pgfcoreshade.code.tex 2008/11/23  (rcs-revision 1.13)
\pgf@max=\dimen161
\pgf@sys@shading@range@num=\count126
)
(/usr/share/texmf/tex/generic/pgf/basiclayer/pgfcoreimage.code.tex
File: pgfcoreimage.code.tex 2010/03/25  (rcs-revision 1.16)

(/usr/share/texmf/tex/generic/pgf/basiclayer/pgfcoreexternal.code.tex
File: pgfcoreexternal.code.tex 2010/09/01  (rcs-revision 1.17)
\pgfexternal@startupbox=\box46
))
(/usr/share/texmf/tex/generic/pgf/basiclayer/pgfcorelayers.code.tex
File: pgfcorelayers.code.tex 2010/08/27  (rcs-revision 1.2)
)
(/usr/share/texmf/tex/generic/pgf/basiclayer/pgfcoretransparency.code.tex
File: pgfcoretransparency.code.tex 2008/01/17  (rcs-revision 1.2)
)
(/usr/share/texmf/tex/generic/pgf/basiclayer/pgfcorepatterns.code.tex
File: pgfcorepatterns.code.tex 2009/07/02  (rcs-revision 1.3)
)))
(/usr/share/texmf/tex/generic/pgf/modules/pgfmoduleshapes.code.tex
File: pgfmoduleshapes.code.tex 2010/09/09  (rcs-revision 1.13)
\pgfnodeparttextbox=\box47
)
(/usr/share/texmf/tex/generic/pgf/modules/pgfmoduleplot.code.tex
File: pgfmoduleplot.code.tex 2010/10/22  (rcs-revision 1.8)
)
(/usr/share/texmf/tex/latex/pgf/compatibility/pgfcomp-version-0-65.sty
Package: pgfcomp-version-0-65 2007/07/03 v2.10 (rcs-revision 1.7)
\pgf@nodesepstart=\dimen162
\pgf@nodesepend=\dimen163
)
(/usr/share/texmf/tex/latex/pgf/compatibility/pgfcomp-version-1-18.sty
Package: pgfcomp-version-1-18 2007/07/23 v2.10 (rcs-revision 1.1)
))
(/usr/share/texmf/tex/latex/pgf/utilities/pgffor.sty
(/usr/share/texmf/tex/latex/pgf/utilities/pgfkeys.sty
(/usr/share/texmf/tex/generic/pgf/utilities/pgfkeys.code.tex))
(/usr/share/texmf/tex/generic/pgf/utilities/pgffor.code.tex
Package: pgffor 2010/03/23 v2.10 (rcs-revision 1.18)
\pgffor@iter=\dimen164
\pgffor@skip=\dimen165
\pgffor@stack=\toks38
\pgffor@toks=\toks39
))
(/usr/share/texmf/tex/generic/pgf/frontendlayer/tikz/tikz.code.tex
Package: tikz 2010/10/13 v2.10 (rcs-revision 1.76)

(/usr/share/texmf/tex/generic/pgf/libraries/pgflibraryplothandlers.code.tex
File: pgflibraryplothandlers.code.tex 2010/05/31 v2.10 (rcs-revision 1.15)
\pgf@plot@mark@count=\count127
\pgfplotmarksize=\dimen166
)
\tikz@lastx=\dimen167
\tikz@lasty=\dimen168
\tikz@lastxsaved=\dimen169
\tikz@lastysaved=\dimen170
\tikzleveldistance=\dimen171
\tikzsiblingdistance=\dimen172
\tikz@figbox=\box48
\tikz@tempbox=\box49
\tikztreelevel=\count128
\tikznumberofchildren=\count129
\tikznumberofcurrentchild=\count130
\tikz@fig@count=\count131

(/usr/share/texmf/tex/generic/pgf/modules/pgfmodulematrix.code.tex
File: pgfmodulematrix.code.tex 2010/08/24  (rcs-revision 1.4)
\pgfmatrixcurrentrow=\count132
\pgfmatrixcurrentcolumn=\count133
\pgf@matrix@numberofcolumns=\count134
)
\tikz@expandcount=\count135

(/usr/share/texmf/tex/generic/pgf/frontendlayer/tikz/libraries/tikzlibrarytopat
hs.code.tex
File: tikzlibrarytopaths.code.tex 2008/06/17 v2.10 (rcs-revision 1.2)
)))
(/usr/share/texmf/tex/generic/pgf/frontendlayer/tikz/libraries/tikzlibraryposit
ioning.code.tex
File: tikzlibrarypositioning.code.tex 2008/10/06 v2.10 (rcs-revision 1.7)
)
(/usr/share/texmf/tex/generic/pgf/frontendlayer/tikz/libraries/tikzlibraryshado
ws.code.tex
File: tikzlibraryshadows.code.tex 2008/01/13 v2.10 (rcs-revision 1.3)

(/usr/share/texmf/tex/generic/pgf/frontendlayer/tikz/libraries/tikzlibraryfadin
gs.code.tex
File: tikzlibraryfadings.code.tex 2009/11/15 v2.10 (rcs-revision 1.2)

(/usr/share/texmf/tex/generic/pgf/libraries/pgflibraryfadings.code.tex
File: pgflibraryfadings.code.tex 2008/02/07 v2.10 (rcs-revision 1.3)
)))
(/usr/share/texmf/tex/generic/pgf/frontendlayer/tikz/libraries/tikzlibraryarrow
s.code.tex
File: tikzlibraryarrows.code.tex 2008/01/09 v2.10 (rcs-revision 1.1)

(/usr/share/texmf/tex/generic/pgf/libraries/pgflibraryarrows.code.tex
File: pgflibraryarrows.code.tex 2008/10/27 v2.10 (rcs-revision 1.9)
\arrowsize=\dimen173
))
(/usr/share/texlive/texmf-dist/tex/latex/caption/caption.sty
Package: caption 2013/05/02 v3.3-89 Customizing captions (AR)

(/usr/share/texlive/texmf-dist/tex/latex/caption/caption3.sty
Package: caption3 2013/05/02 v1.6-88 caption3 kernel (AR)
Package caption3 Info: TeX engine: e-TeX on input line 57.
\captionmargin=\dimen174
\captionmargin@=\dimen175
\captionwidth=\dimen176
\caption@tempdima=\dimen177
\caption@indent=\dimen178
\caption@parindent=\dimen179
\caption@hangindent=\dimen180
)
\c@ContinuedFloat=\count136
Package caption Info: float package is loaded.
Package caption Info: subfigure package is loaded.
Package caption Info: wrapfig package is loaded.
)
\c@definition=\count137
\c@theorem=\count138
\c@remarker=\count139
\@nomenclaturefile=\write4
\openout4 = `paper1.nlo'.


Writing nomenclature file paper1.nlo
(./paper1.aux

LaTeX Warning: Label `fig:sol compare' multiply defined.


LaTeX Warning: Label `fig:sol compare' multiply defined.


LaTeX Warning: Label `fig:sol compare' multiply defined.


LaTeX Warning: Label `fig:sol compare' multiply defined.


LaTeX Warning: Label `fig:sol compare' multiply defined.


LaTeX Warning: Label `fig:sol compare' multiply defined.


LaTeX Warning: Label `fig:sol compare' multiply defined.


LaTeX Warning: Label `fig:sol compare' multiply defined.


LaTeX Warning: Label `fig:sol compare' multiply defined.


LaTeX Warning: Label `fig:sol compare' multiply defined.


LaTeX Warning: Label `fig:sol compare' multiply defined.


LaTeX Warning: Label `fig:sol compare' multiply defined.


LaTeX Warning: Label `fig:sol compare' multiply defined.


LaTeX Warning: Label `fig:sol compare' multiply defined.


LaTeX Warning: Label `fig:sol compare' multiply defined.

)
\openout1 = `paper1.aux'.

LaTeX Font Info:    Checking defaults for OML/cmm/m/it on input line 17.
LaTeX Font Info:    ... okay on input line 17.
LaTeX Font Info:    Checking defaults for T1/cmr/m/n on input line 17.
LaTeX Font Info:    ... okay on input line 17.
LaTeX Font Info:    Checking defaults for OT1/cmr/m/n on input line 17.
LaTeX Font Info:    ... okay on input line 17.
LaTeX Font Info:    Checking defaults for OMS/cmsy/m/n on input line 17.
LaTeX Font Info:    ... okay on input line 17.
LaTeX Font Info:    Checking defaults for OMX/cmex/m/n on input line 17.
LaTeX Font Info:    ... okay on input line 17.
LaTeX Font Info:    Checking defaults for U/cmr/m/n on input line 17.
LaTeX Font Info:    ... okay on input line 17.
 (/usr/share/texlive/texmf-dist/tex/context/base/supp-pdf.mkii
[Loading MPS to PDF converter (version 2006.09.02).]
\scratchcounter=\count140
\scratchdimen=\dimen181
\scratchbox=\box50
\nofMPsegments=\count141
\nofMParguments=\count142
\everyMPshowfont=\toks40
\MPscratchCnt=\count143
\MPscratchDim=\dimen182
\MPnumerator=\count144
\makeMPintoPDFobject=\count145
\everyMPtoPDFconversion=\toks41
) (/usr/share/texlive/texmf-dist/tex/generic/oberdiek/pdftexcmds.sty
Package: pdftexcmds 2011/11/29 v0.20 Utility functions of pdfTeX for LuaTeX (HO
)

(/usr/share/texlive/texmf-dist/tex/generic/oberdiek/ifluatex.sty
Package: ifluatex 2010/03/01 v1.3 Provides the ifluatex switch (HO)
Package ifluatex Info: LuaTeX not detected.
)
Package pdftexcmds Info: LuaTeX not detected.
Package pdftexcmds Info: \pdf@primitive is available.
Package pdftexcmds Info: \pdf@ifprimitive is available.
Package pdftexcmds Info: \pdfdraftmode found.
)
(/usr/share/texlive/texmf-dist/tex/latex/oberdiek/epstopdf-base.sty
Package: epstopdf-base 2010/02/09 v2.5 Base part for package epstopdf

(/usr/share/texlive/texmf-dist/tex/latex/oberdiek/grfext.sty
Package: grfext 2010/08/19 v1.1 Manage graphics extensions (HO)

(/usr/share/texlive/texmf-dist/tex/generic/oberdiek/kvdefinekeys.sty
Package: kvdefinekeys 2011/04/07 v1.3 Define keys (HO)
))
(/usr/share/texlive/texmf-dist/tex/latex/oberdiek/kvoptions.sty
Package: kvoptions 2011/06/30 v3.11 Key value format for package options (HO)

(/usr/share/texlive/texmf-dist/tex/generic/oberdiek/kvsetkeys.sty
Package: kvsetkeys 2012/04/25 v1.16 Key value parser (HO)

(/usr/share/texlive/texmf-dist/tex/generic/oberdiek/etexcmds.sty
Package: etexcmds 2011/02/16 v1.5 Avoid name clashes with e-TeX commands (HO)
Package etexcmds Info: Could not find \expanded.
(etexcmds)             That can mean that you are not using pdfTeX 1.50 or
(etexcmds)             that some package has redefined \expanded.
(etexcmds)             In the latter case, load this package earlier.
)))
Package grfext Info: Graphics extension search list:
(grfext)             [.png,.pdf,.jpg,.mps,.jpeg,.jbig2,.jb2,.PNG,.PDF,.JPG,.JPE
G,.JBIG2,.JB2,.eps]
(grfext)             \AppendGraphicsExtensions on input line 452.

(/usr/share/texlive/texmf-dist/tex/latex/latexconfig/epstopdf-sys.cfg
File: epstopdf-sys.cfg 2010/07/13 v1.3 Configuration of (r)epstopdf for TeX Liv
e
))
\AtBeginShipoutBox=\box51

ABD: EveryShipout initializing macros
Package caption Info: Begin \AtBeginDocument code.
Package caption Info: End \AtBeginDocument code.
LaTeX Font Info:    Try loading font information for U+msa on input line 21.

(/usr/share/texlive/texmf-dist/tex/latex/amsfonts/umsa.fd
File: umsa.fd 2013/01/14 v3.01 AMS symbols A
)
LaTeX Font Info:    Try loading font information for U+msb on input line 21.

(/usr/share/texlive/texmf-dist/tex/latex/amsfonts/umsb.fd
File: umsb.fd 2013/01/14 v3.01 AMS symbols B
)
Underfull \hbox (badness 10000) in paragraph at lines 48--57

 []


Underfull \hbox (badness 10000) in paragraph at lines 58--79

 []


Underfull \hbox (badness 10000) in paragraph at lines 81--93

 []

[1

{/var/lib/texmf/fonts/map/pdftex/updmap/pdftex.map}]
Underfull \hbox (badness 10000) in paragraph at lines 107--118

 []


Underfull \hbox (badness 10000) in paragraph at lines 119--138

 []


Underfull \hbox (badness 10000) in paragraph at lines 139--143

 []


Underfull \hbox (badness 10000) in paragraph at lines 154--156

 []

[2]
Underfull \hbox (badness 10000) in paragraph at lines 157--161

 []


Underfull \hbox (badness 10000) in paragraph at lines 169--186

 []


Underfull \hbox (badness 10000) in paragraph at lines 191--193

 []


Underfull \hbox (badness 10000) in paragraph at lines 206--214

 []


Underfull \hbox (badness 10000) in paragraph at lines 224--232

 []

[3]
Underfull \hbox (badness 10000) in paragraph at lines 260--270

 []


Underfull \hbox (badness 10000) in paragraph at lines 271--290

 []

<locality.png, id=49, 448.7967pt x 277.5168pt>
File: locality.png Graphic file (type png)
 <use locality.png>
Package pdftex.def Info: locality.png used on input line 292.
(pdftex.def)             Requested size: 230.06114pt x 142.26378pt.
 [4]
Underfull \hbox (badness 10000) in paragraph at lines 301--309

 []


Underfull \hbox (badness 10000) in paragraph at lines 310--317

 []


Underfull \hbox (badness 10000) in paragraph at lines 346--352

 []

[5 <./locality.png>]
Underfull \hbox (badness 10000) in paragraph at lines 371--373

 []


Underfull \hbox (badness 10000) in paragraph at lines 374--381

 []


Overfull \hbox (21.79999pt too wide) in paragraph at lines 408--410
[][] 
 []


Underfull \hbox (badness 10000) in paragraph at lines 408--410

 []


Underfull \hbox (badness 10000) in paragraph at lines 411--412

 []


Overfull \hbox (21.79999pt too wide) in paragraph at lines 439--440
[][] 
 []


Underfull \hbox (badness 10000) in paragraph at lines 439--440

 []


Underfull \hbox (badness 10000) in paragraph at lines 441--443

 []


Underfull \hbox (badness 10000) in paragraph at lines 444--451

 []


Overfull \hbox (6.79999pt too wide) in paragraph at lines 452--480
[] 
 []


Underfull \hbox (badness 10000) in paragraph at lines 452--480

 []

[6]
Underfull \hbox (badness 10000) in paragraph at lines 481--490

 []


Underfull \hbox (badness 10000) in paragraph at lines 493--515

 []


Underfull \hbox (badness 10000) in paragraph at lines 541--541

 []


Overfull \hbox (6.79999pt too wide) in paragraph at lines 522--542
[] 
 []


Underfull \hbox (badness 10000) in paragraph at lines 522--542

 []


Underfull \hbox (badness 10000) in paragraph at lines 543--548

 []

[7]
Underfull \hbox (badness 10000) in paragraph at lines 560--562

 []


Underfull \hbox (badness 10000) in paragraph at lines 587--591

 []


Underfull \hbox (badness 10000) in paragraph at lines 599--604

 []


Underfull \hbox (badness 10000) in paragraph at lines 605--620

 []


</home/voila/Documents/2014GRAD/mirror/final/paper1/initial_conditions.png, id=
64, 586.8324pt x 442.2924pt>
File: /home/voila/Documents/2014GRAD/mirror/final/paper1/initial_conditions.png
 Graphic file (type png)

<use /home/voila/Documents/2014GRAD/mirror/final/paper1/initial_conditions.png>
Package pdftex.def Info: /home/voila/Documents/2014GRAD/mirror/final/paper1/ini
tial_conditions.png used on input line 624.
(pdftex.def)             Requested size: 302.01163pt x 227.62204pt.
[8]
</home/voila/Documents/2014GRAD/mirror/final/paper1/0_x.png, id=69, 550.6974pt 
x 225.4824pt>
File: /home/voila/Documents/2014GRAD/mirror/final/paper1/0_x.png Graphic file (
type png)
 <use /home/voila/Documents/2014GRAD/mirror/final/paper1/0_x.png>
Package pdftex.def Info: /home/voila/Documents/2014GRAD/mirror/final/paper1/0_x
.png used on input line 631.
(pdftex.def)             Requested size: 139.41342pt x 105.27486pt.

</home/voila/Documents/2014GRAD/mirror/final/paper1/0_sol.png, id=70, 586.8324p
t x 442.2924pt>
File: /home/voila/Documents/2014GRAD/mirror/final/paper1/0_sol.png Graphic file
 (type png)

<use /home/voila/Documents/2014GRAD/mirror/final/paper1/0_sol.png>
Package pdftex.def Info: /home/voila/Documents/2014GRAD/mirror/final/paper1/0_s
ol.png used on input line 632.
(pdftex.def)             Requested size: 145.10922pt x 109.36478pt.

</home/voila/Documents/2014GRAD/mirror/final/paper1/0_err.png, id=71, 586.8324p
t x 442.2924pt>
File: /home/voila/Documents/2014GRAD/mirror/final/paper1/0_err.png Graphic file
 (type png)

<use /home/voila/Documents/2014GRAD/mirror/final/paper1/0_err.png>
Package pdftex.def Info: /home/voila/Documents/2014GRAD/mirror/final/paper1/0_e
rr.png used on input line 633.
(pdftex.def)             Requested size: 145.10922pt x 109.36478pt.

</home/voila/Documents/2014GRAD/mirror/final/paper1/1_x.png, id=72, 550.6974pt 
x 225.4824pt>
File: /home/voila/Documents/2014GRAD/mirror/final/paper1/1_x.png Graphic file (
type png)
 <use /home/voila/Documents/2014GRAD/mirror/final/paper1/1_x.png>
Package pdftex.def Info: /home/voila/Documents/2014GRAD/mirror/final/paper1/1_x
.png used on input line 638.
(pdftex.def)             Requested size: 139.41342pt x 105.27486pt.

</home/voila/Documents/2014GRAD/mirror/final/paper1/1_sol.png, id=73, 586.8324p
t x 442.2924pt>
File: /home/voila/Documents/2014GRAD/mirror/final/paper1/1_sol.png Graphic file
 (type png)

<use /home/voila/Documents/2014GRAD/mirror/final/paper1/1_sol.png>
Package pdftex.def Info: /home/voila/Documents/2014GRAD/mirror/final/paper1/1_s
ol.png used on input line 639.
(pdftex.def)             Requested size: 145.10922pt x 109.36478pt.

</home/voila/Documents/2014GRAD/mirror/final/paper1/1_err.png, id=74, 586.8324p
t x 442.2924pt>
File: /home/voila/Documents/2014GRAD/mirror/final/paper1/1_err.png Graphic file
 (type png)

<use /home/voila/Documents/2014GRAD/mirror/final/paper1/1_err.png>
Package pdftex.def Info: /home/voila/Documents/2014GRAD/mirror/final/paper1/1_e
rr.png used on input line 640.
(pdftex.def)             Requested size: 145.10922pt x 109.36478pt.

</home/voila/Documents/2014GRAD/mirror/final/paper1/2_x.png, id=75, 550.6974pt 
x 225.4824pt>
File: /home/voila/Documents/2014GRAD/mirror/final/paper1/2_x.png Graphic file (
type png)
 <use /home/voila/Documents/2014GRAD/mirror/final/paper1/2_x.png>
Package pdftex.def Info: /home/voila/Documents/2014GRAD/mirror/final/paper1/2_x
.png used on input line 645.
(pdftex.def)             Requested size: 139.41342pt x 105.27486pt.

</home/voila/Documents/2014GRAD/mirror/final/paper1/2_sol.png, id=76, 586.8324p
t x 442.2924pt>
File: /home/voila/Documents/2014GRAD/mirror/final/paper1/2_sol.png Graphic file
 (type png)

<use /home/voila/Documents/2014GRAD/mirror/final/paper1/2_sol.png>
Package pdftex.def Info: /home/voila/Documents/2014GRAD/mirror/final/paper1/2_s
ol.png used on input line 646.
(pdftex.def)             Requested size: 145.10922pt x 109.36478pt.

</home/voila/Documents/2014GRAD/mirror/final/paper1/2_err.png, id=77, 586.8324p
t x 442.2924pt>
File: /home/voila/Documents/2014GRAD/mirror/final/paper1/2_err.png Graphic file
 (type png)

<use /home/voila/Documents/2014GRAD/mirror/final/paper1/2_err.png>
Package pdftex.def Info: /home/voila/Documents/2014GRAD/mirror/final/paper1/2_e
rr.png used on input line 647.
(pdftex.def)             Requested size: 145.10922pt x 109.36478pt.

</home/voila/Documents/2014GRAD/mirror/final/paper1/3_x.png, id=78, 550.6974pt 
x 225.4824pt>
File: /home/voila/Documents/2014GRAD/mirror/final/paper1/3_x.png Graphic file (
type png)
 <use /home/voila/Documents/2014GRAD/mirror/final/paper1/3_x.png>
Package pdftex.def Info: /home/voila/Documents/2014GRAD/mirror/final/paper1/3_x
.png used on input line 652.
(pdftex.def)             Requested size: 139.41342pt x 105.27486pt.

</home/voila/Documents/2014GRAD/mirror/final/paper1/3_sol.png, id=79, 586.8324p
t x 442.2924pt>
File: /home/voila/Documents/2014GRAD/mirror/final/paper1/3_sol.png Graphic file
 (type png)

<use /home/voila/Documents/2014GRAD/mirror/final/paper1/3_sol.png>
Package pdftex.def Info: /home/voila/Documents/2014GRAD/mirror/final/paper1/3_s
ol.png used on input line 653.
(pdftex.def)             Requested size: 145.10922pt x 109.36478pt.

</home/voila/Documents/2014GRAD/mirror/final/paper1/3_err.png, id=80, 586.8324p
t x 442.2924pt>
File: /home/voila/Documents/2014GRAD/mirror/final/paper1/3_err.png Graphic file
 (type png)

<use /home/voila/Documents/2014GRAD/mirror/final/paper1/3_err.png>
Package pdftex.def Info: /home/voila/Documents/2014GRAD/mirror/final/paper1/3_e
rr.png used on input line 654.
(pdftex.def)             Requested size: 145.10922pt x 109.36478pt.

</home/voila/Documents/2014GRAD/mirror/final/paper1/4_x.png, id=81, 550.6974pt 
x 225.4824pt>
File: /home/voila/Documents/2014GRAD/mirror/final/paper1/4_x.png Graphic file (
type png)
 <use /home/voila/Documents/2014GRAD/mirror/final/paper1/4_x.png>
Package pdftex.def Info: /home/voila/Documents/2014GRAD/mirror/final/paper1/4_x
.png used on input line 659.
(pdftex.def)             Requested size: 139.41342pt x 105.27486pt.

</home/voila/Documents/2014GRAD/mirror/final/paper1/4_sol.png, id=82, 586.8324p
t x 442.2924pt>
File: /home/voila/Documents/2014GRAD/mirror/final/paper1/4_sol.png Graphic file
 (type png)

<use /home/voila/Documents/2014GRAD/mirror/final/paper1/4_sol.png>
Package pdftex.def Info: /home/voila/Documents/2014GRAD/mirror/final/paper1/4_s
ol.png used on input line 660.
(pdftex.def)             Requested size: 145.10922pt x 109.36478pt.

</home/voila/Documents/2014GRAD/mirror/final/paper1/4_err.png, id=83, 586.8324p
t x 442.2924pt>
File: /home/voila/Documents/2014GRAD/mirror/final/paper1/4_err.png Graphic file
 (type png)

<use /home/voila/Documents/2014GRAD/mirror/final/paper1/4_err.png>
Package pdftex.def Info: /home/voila/Documents/2014GRAD/mirror/final/paper1/4_e
rr.png used on input line 661.
(pdftex.def)             Requested size: 145.10922pt x 109.36478pt.
 [9 </home/voila/Documents/2014GRAD/mirror/final/paper1/initial_conditions.png>
 </home/voila/Documents/2014GRAD/mirror/final/paper1/0_x.png> </home/voila/Docu
ments/2014GRAD/mirror/final/paper1/0_sol.png> </home/voila/Documents/2014GRAD/m
irror/final/paper1/0_err.png> </home/voila/Documents/2014GRAD/mirror/final/pape
r1/1_x.png> </home/voila/Documents/2014GRAD/mirror/final/paper1/1_sol.png> </ho
me/voila/Documents/2014GRAD/mirror/final/paper1/1_err.png> </home/voila/Documen
ts/2014GRAD/mirror/final/paper1/2_x.png> </home/voila/Documents/2014GRAD/mirror
/final/paper1/2_sol.png> </home/voila/Documents/2014GRAD/mirror/final/paper1/2_
err.png>]
</home/voila/Documents/2014GRAD/mirror/final/paper1/5_x.png, id=97, 550.6974pt 
x 225.4824pt>
File: /home/voila/Documents/2014GRAD/mirror/final/paper1/5_x.png Graphic file (
type png)
 <use /home/voila/Documents/2014GRAD/mirror/final/paper1/5_x.png>
Package pdftex.def Info: /home/voila/Documents/2014GRAD/mirror/final/paper1/5_x
.png used on input line 666.
(pdftex.def)             Requested size: 139.41342pt x 105.27486pt.

</home/voila/Documents/2014GRAD/mirror/final/paper1/5_sol.png, id=98, 586.8324p
t x 442.2924pt>
File: /home/voila/Documents/2014GRAD/mirror/final/paper1/5_sol.png Graphic file
 (type png)

<use /home/voila/Documents/2014GRAD/mirror/final/paper1/5_sol.png>
Package pdftex.def Info: /home/voila/Documents/2014GRAD/mirror/final/paper1/5_s
ol.png used on input line 667.
(pdftex.def)             Requested size: 145.10922pt x 109.36478pt.

</home/voila/Documents/2014GRAD/mirror/final/paper1/5_err.png, id=99, 586.8324p
t x 442.2924pt>
File: /home/voila/Documents/2014GRAD/mirror/final/paper1/5_err.png Graphic file
 (type png)

<use /home/voila/Documents/2014GRAD/mirror/final/paper1/5_err.png>
Package pdftex.def Info: /home/voila/Documents/2014GRAD/mirror/final/paper1/5_e
rr.png used on input line 668.
(pdftex.def)             Requested size: 145.10922pt x 109.36478pt.

</home/voila/Documents/2014GRAD/mirror/final/paper1/6_x.png, id=100, 550.6974pt
 x 225.4824pt>
File: /home/voila/Documents/2014GRAD/mirror/final/paper1/6_x.png Graphic file (
type png)

<use /home/voila/Documents/2014GRAD/mirror/final/paper1/6_x.png>
Package pdftex.def Info: /home/voila/Documents/2014GRAD/mirror/final/paper1/6_x
.png used on input line 673.
(pdftex.def)             Requested size: 139.41342pt x 105.27486pt.

</home/voila/Documents/2014GRAD/mirror/final/paper1/6_sol.png, id=101, 586.8324
pt x 442.2924pt>
File: /home/voila/Documents/2014GRAD/mirror/final/paper1/6_sol.png Graphic file
 (type png)

<use /home/voila/Documents/2014GRAD/mirror/final/paper1/6_sol.png>
Package pdftex.def Info: /home/voila/Documents/2014GRAD/mirror/final/paper1/6_s
ol.png used on input line 674.
(pdftex.def)             Requested size: 145.10922pt x 109.36478pt.

</home/voila/Documents/2014GRAD/mirror/final/paper1/6_err.png, id=102, 586.8324
pt x 442.2924pt>
File: /home/voila/Documents/2014GRAD/mirror/final/paper1/6_err.png Graphic file
 (type png)

<use /home/voila/Documents/2014GRAD/mirror/final/paper1/6_err.png>
Package pdftex.def Info: /home/voila/Documents/2014GRAD/mirror/final/paper1/6_e
rr.png used on input line 675.
(pdftex.def)             Requested size: 145.10922pt x 109.36478pt.

</home/voila/Documents/2014GRAD/mirror/final/paper1/7_x.png, id=103, 550.6974pt
 x 225.4824pt>
File: /home/voila/Documents/2014GRAD/mirror/final/paper1/7_x.png Graphic file (
type png)

<use /home/voila/Documents/2014GRAD/mirror/final/paper1/7_x.png>
Package pdftex.def Info: /home/voila/Documents/2014GRAD/mirror/final/paper1/7_x
.png used on input line 680.
(pdftex.def)             Requested size: 139.41342pt x 105.27486pt.

</home/voila/Documents/2014GRAD/mirror/final/paper1/7_sol.png, id=104, 586.8324
pt x 442.2924pt>
File: /home/voila/Documents/2014GRAD/mirror/final/paper1/7_sol.png Graphic file
 (type png)

<use /home/voila/Documents/2014GRAD/mirror/final/paper1/7_sol.png>
Package pdftex.def Info: /home/voila/Documents/2014GRAD/mirror/final/paper1/7_s
ol.png used on input line 681.
(pdftex.def)             Requested size: 145.10922pt x 109.36478pt.

</home/voila/Documents/2014GRAD/mirror/final/paper1/7_err.png, id=105, 586.8324
pt x 442.2924pt>
File: /home/voila/Documents/2014GRAD/mirror/final/paper1/7_err.png Graphic file
 (type png)

<use /home/voila/Documents/2014GRAD/mirror/final/paper1/7_err.png>
Package pdftex.def Info: /home/voila/Documents/2014GRAD/mirror/final/paper1/7_e
rr.png used on input line 682.
(pdftex.def)             Requested size: 145.10922pt x 109.36478pt.

</home/voila/Documents/2014GRAD/mirror/final/paper1/0_Jc.png, id=106, 542.025pt
 x 289.08pt>
File: /home/voila/Documents/2014GRAD/mirror/final/paper1/0_Jc.png Graphic file 
(type png)
 <use /home/voila/Documents/2014GRAD/mirror/final/paper1/0_Jc.png>
Package pdftex.def Info: /home/voila/Documents/2014GRAD/mirror/final/paper1/0_J
c.png used on input line 702.
(pdftex.def)             Requested size: 108.12054pt x 57.66058pt.

</home/voila/Documents/2014GRAD/mirror/final/paper1/1_Jc.png, id=107, 542.025pt
 x 289.08pt>
File: /home/voila/Documents/2014GRAD/mirror/final/paper1/1_Jc.png Graphic file 
(type png)
 <use /home/voila/Documents/2014GRAD/mirror/final/paper1/1_Jc.png>
Package pdftex.def Info: /home/voila/Documents/2014GRAD/mirror/final/paper1/1_J
c.png used on input line 703.
(pdftex.def)             Requested size: 108.12054pt x 57.66058pt.

</home/voila/Documents/2014GRAD/mirror/final/paper1/2_Jc.png, id=108, 542.025pt
 x 289.08pt>
File: /home/voila/Documents/2014GRAD/mirror/final/paper1/2_Jc.png Graphic file 
(type png)
 <use /home/voila/Documents/2014GRAD/mirror/final/paper1/2_Jc.png>
Package pdftex.def Info: /home/voila/Documents/2014GRAD/mirror/final/paper1/2_J
c.png used on input line 704.
(pdftex.def)             Requested size: 108.12054pt x 57.66058pt.

</home/voila/Documents/2014GRAD/mirror/final/paper1/3_Jc.png, id=109, 542.025pt
 x 289.08pt>
File: /home/voila/Documents/2014GRAD/mirror/final/paper1/3_Jc.png Graphic file 
(type png)
 <use /home/voila/Documents/2014GRAD/mirror/final/paper1/3_Jc.png>
Package pdftex.def Info: /home/voila/Documents/2014GRAD/mirror/final/paper1/3_J
c.png used on input line 705.
(pdftex.def)             Requested size: 108.12054pt x 57.66058pt.

[10 </home/voila/Documents/2014GRAD/mirror/final/paper1/3_x.png> </home/voila/D
ocuments/2014GRAD/mirror/final/paper1/3_sol.png> </home/voila/Documents/2014GRA
D/mirror/final/paper1/3_err.png> </home/voila/Documents/2014GRAD/mirror/final/p
aper1/4_x.png> </home/voila/Documents/2014GRAD/mirror/final/paper1/4_sol.png> <
/home/voila/Documents/2014GRAD/mirror/final/paper1/4_err.png> </home/voila/Docu
ments/2014GRAD/mirror/final/paper1/5_x.png> </home/voila/Documents/2014GRAD/mir
ror/final/paper1/5_sol.png> </home/voila/Documents/2014GRAD/mirror/final/paper1
/5_err.png> </home/voila/Documents/2014GRAD/mirror/final/paper1/6_x.png> </home
/voila/Documents/2014GRAD/mirror/final/paper1/6_sol.png> </home/voila/Documents
/2014GRAD/mirror/final/paper1/6_err.png> </home/voila/Documents/2014GRAD/mirror
/final/paper1/7_x.png> </home/voila/Documents/2014GRAD/mirror/final/paper1/7_so
l.png> </home/voila/Documents/2014GRAD/mirror/final/paper1/7_err.png>]
</home/voila/Documents/2014GRAD/mirror/final/paper1/4_Jc.png, id=128, 542.025pt
 x 289.08pt>
File: /home/voila/Documents/2014GRAD/mirror/final/paper1/4_Jc.png Graphic file 
(type png)
 <use /home/voila/Documents/2014GRAD/mirror/final/paper1/4_Jc.png>
Package pdftex.def Info: /home/voila/Documents/2014GRAD/mirror/final/paper1/4_J
c.png used on input line 709.
(pdftex.def)             Requested size: 108.12054pt x 57.66058pt.

</home/voila/Documents/2014GRAD/mirror/final/paper1/5_Jc.png, id=129, 542.025pt
 x 289.08pt>
File: /home/voila/Documents/2014GRAD/mirror/final/paper1/5_Jc.png Graphic file 
(type png)
 <use /home/voila/Documents/2014GRAD/mirror/final/paper1/5_Jc.png>
Package pdftex.def Info: /home/voila/Documents/2014GRAD/mirror/final/paper1/5_J
c.png used on input line 710.
(pdftex.def)             Requested size: 108.12054pt x 57.66058pt.

</home/voila/Documents/2014GRAD/mirror/final/paper1/6_Jc.png, id=130, 542.025pt
 x 289.08pt>
File: /home/voila/Documents/2014GRAD/mirror/final/paper1/6_Jc.png Graphic file 
(type png)
 <use /home/voila/Documents/2014GRAD/mirror/final/paper1/6_Jc.png>
Package pdftex.def Info: /home/voila/Documents/2014GRAD/mirror/final/paper1/6_J
c.png used on input line 711.
(pdftex.def)             Requested size: 108.12054pt x 57.66058pt.

</home/voila/Documents/2014GRAD/mirror/final/paper1/7_Jc.png, id=131, 542.025pt
 x 289.08pt>
File: /home/voila/Documents/2014GRAD/mirror/final/paper1/7_Jc.png Graphic file 
(type png)
 <use /home/voila/Documents/2014GRAD/mirror/final/paper1/7_Jc.png>
Package pdftex.def Info: /home/voila/Documents/2014GRAD/mirror/final/paper1/7_J
c.png used on input line 712.
(pdftex.def)             Requested size: 108.12054pt x 57.66058pt.

</home/voila/Documents/2014GRAD/mirror/final/paper1/0_adj_primal.png, id=132, 5
78.16pt x 433.62pt>
File: /home/voila/Documents/2014GRAD/mirror/final/paper1/0_adj_primal.png Graph
ic file (type png)

<use /home/voila/Documents/2014GRAD/mirror/final/paper1/0_adj_primal.png>
Package pdftex.def Info: /home/voila/Documents/2014GRAD/mirror/final/paper1/0_a
dj_primal.png used on input line 722.
(pdftex.def)             Requested size: 145.10922pt x 108.82819pt.

</home/voila/Documents/2014GRAD/mirror/final/paper1/0_adj_twin.png, id=133, 578
.16pt x 433.62pt>
File: /home/voila/Documents/2014GRAD/mirror/final/paper1/0_adj_twin.png Graphic
 file (type png)

<use /home/voila/Documents/2014GRAD/mirror/final/paper1/0_adj_twin.png>
Package pdftex.def Info: /home/voila/Documents/2014GRAD/mirror/final/paper1/0_a
dj_twin.png used on input line 723.
(pdftex.def)             Requested size: 145.10922pt x 108.82819pt.

</home/voila/Documents/2014GRAD/mirror/final/paper1/0_adj_err.png, id=134, 578.
16pt x 433.62pt>
File: /home/voila/Documents/2014GRAD/mirror/final/paper1/0_adj_err.png Graphic 
file (type png)

<use /home/voila/Documents/2014GRAD/mirror/final/paper1/0_adj_err.png>
Package pdftex.def Info: /home/voila/Documents/2014GRAD/mirror/final/paper1/0_a
dj_err.png used on input line 724.
(pdftex.def)             Requested size: 145.10922pt x 108.82819pt.

</home/voila/Documents/2014GRAD/mirror/final/paper1/1_adj_primal.png, id=135, 5
78.16pt x 433.62pt>
File: /home/voila/Documents/2014GRAD/mirror/final/paper1/1_adj_primal.png Graph
ic file (type png)

<use /home/voila/Documents/2014GRAD/mirror/final/paper1/1_adj_primal.png>
Package pdftex.def Info: /home/voila/Documents/2014GRAD/mirror/final/paper1/1_a
dj_primal.png used on input line 729.
(pdftex.def)             Requested size: 145.10922pt x 108.82819pt.

</home/voila/Documents/2014GRAD/mirror/final/paper1/1_adj_twin.png, id=136, 578
.16pt x 433.62pt>
File: /home/voila/Documents/2014GRAD/mirror/final/paper1/1_adj_twin.png Graphic
 file (type png)

<use /home/voila/Documents/2014GRAD/mirror/final/paper1/1_adj_twin.png>
Package pdftex.def Info: /home/voila/Documents/2014GRAD/mirror/final/paper1/1_a
dj_twin.png used on input line 730.
(pdftex.def)             Requested size: 145.10922pt x 108.82819pt.

</home/voila/Documents/2014GRAD/mirror/final/paper1/1_adj_err.png, id=137, 578.
16pt x 433.62pt>
File: /home/voila/Documents/2014GRAD/mirror/final/paper1/1_adj_err.png Graphic 
file (type png)

<use /home/voila/Documents/2014GRAD/mirror/final/paper1/1_adj_err.png>
Package pdftex.def Info: /home/voila/Documents/2014GRAD/mirror/final/paper1/1_a
dj_err.png used on input line 731.
(pdftex.def)             Requested size: 145.10922pt x 108.82819pt.

</home/voila/Documents/2014GRAD/mirror/final/paper1/2_adj_primal.png, id=138, 5
78.16pt x 433.62pt>
File: /home/voila/Documents/2014GRAD/mirror/final/paper1/2_adj_primal.png Graph
ic file (type png)

<use /home/voila/Documents/2014GRAD/mirror/final/paper1/2_adj_primal.png>
Package pdftex.def Info: /home/voila/Documents/2014GRAD/mirror/final/paper1/2_a
dj_primal.png used on input line 736.
(pdftex.def)             Requested size: 145.10922pt x 108.82819pt.

</home/voila/Documents/2014GRAD/mirror/final/paper1/2_adj_twin.png, id=139, 578
.16pt x 433.62pt>
File: /home/voila/Documents/2014GRAD/mirror/final/paper1/2_adj_twin.png Graphic
 file (type png)

<use /home/voila/Documents/2014GRAD/mirror/final/paper1/2_adj_twin.png>
Package pdftex.def Info: /home/voila/Documents/2014GRAD/mirror/final/paper1/2_a
dj_twin.png used on input line 737.
(pdftex.def)             Requested size: 145.10922pt x 108.82819pt.

</home/voila/Documents/2014GRAD/mirror/final/paper1/2_adj_err.png, id=140, 578.
16pt x 433.62pt>
File: /home/voila/Documents/2014GRAD/mirror/final/paper1/2_adj_err.png Graphic 
file (type png)

<use /home/voila/Documents/2014GRAD/mirror/final/paper1/2_adj_err.png>
Package pdftex.def Info: /home/voila/Documents/2014GRAD/mirror/final/paper1/2_a
dj_err.png used on input line 738.
(pdftex.def)             Requested size: 145.10922pt x 108.82819pt.

</home/voila/Documents/2014GRAD/mirror/final/paper1/3_adj_primal.png, id=141, 5
78.16pt x 433.62pt>
File: /home/voila/Documents/2014GRAD/mirror/final/paper1/3_adj_primal.png Graph
ic file (type png)

<use /home/voila/Documents/2014GRAD/mirror/final/paper1/3_adj_primal.png>
Package pdftex.def Info: /home/voila/Documents/2014GRAD/mirror/final/paper1/3_a
dj_primal.png used on input line 743.
(pdftex.def)             Requested size: 145.10922pt x 108.82819pt.

</home/voila/Documents/2014GRAD/mirror/final/paper1/3_adj_twin.png, id=142, 578
.16pt x 433.62pt>
File: /home/voila/Documents/2014GRAD/mirror/final/paper1/3_adj_twin.png Graphic
 file (type png)

<use /home/voila/Documents/2014GRAD/mirror/final/paper1/3_adj_twin.png>
Package pdftex.def Info: /home/voila/Documents/2014GRAD/mirror/final/paper1/3_a
dj_twin.png used on input line 744.
(pdftex.def)             Requested size: 145.10922pt x 108.82819pt.

</home/voila/Documents/2014GRAD/mirror/final/paper1/3_adj_err.png, id=143, 578.
16pt x 433.62pt>
File: /home/voila/Documents/2014GRAD/mirror/final/paper1/3_adj_err.png Graphic 
file (type png)

<use /home/voila/Documents/2014GRAD/mirror/final/paper1/3_adj_err.png>
Package pdftex.def Info: /home/voila/Documents/2014GRAD/mirror/final/paper1/3_a
dj_err.png used on input line 745.
(pdftex.def)             Requested size: 145.10922pt x 108.82819pt.

</home/voila/Documents/2014GRAD/mirror/final/paper1/4_adj_primal.png, id=144, 5
78.16pt x 433.62pt>
File: /home/voila/Documents/2014GRAD/mirror/final/paper1/4_adj_primal.png Graph
ic file (type png)

<use /home/voila/Documents/2014GRAD/mirror/final/paper1/4_adj_primal.png>
Package pdftex.def Info: /home/voila/Documents/2014GRAD/mirror/final/paper1/4_a
dj_primal.png used on input line 750.
(pdftex.def)             Requested size: 145.10922pt x 108.82819pt.

</home/voila/Documents/2014GRAD/mirror/final/paper1/4_adj_twin.png, id=145, 578
.16pt x 433.62pt>
File: /home/voila/Documents/2014GRAD/mirror/final/paper1/4_adj_twin.png Graphic
 file (type png)

<use /home/voila/Documents/2014GRAD/mirror/final/paper1/4_adj_twin.png>
Package pdftex.def Info: /home/voila/Documents/2014GRAD/mirror/final/paper1/4_a
dj_twin.png used on input line 751.
(pdftex.def)             Requested size: 145.10922pt x 108.82819pt.

</home/voila/Documents/2014GRAD/mirror/final/paper1/4_adj_err.png, id=146, 578.
16pt x 433.62pt>
File: /home/voila/Documents/2014GRAD/mirror/final/paper1/4_adj_err.png Graphic 
file (type png)

<use /home/voila/Documents/2014GRAD/mirror/final/paper1/4_adj_err.png>
Package pdftex.def Info: /home/voila/Documents/2014GRAD/mirror/final/paper1/4_a
dj_err.png used on input line 752.
(pdftex.def)             Requested size: 145.10922pt x 108.82819pt.
 [11 </home/voila/Documents/2014GRAD/mirror/final/paper1/0_Jc.png> </home/voila
/Documents/2014GRAD/mirror/final/paper1/1_Jc.png> </home/voila/Documents/2014GR
AD/mirror/final/paper1/2_Jc.png> </home/voila/Documents/2014GRAD/mirror/final/p
aper1/3_Jc.png> </home/voila/Documents/2014GRAD/mirror/final/paper1/4_Jc.png> <
/home/voila/Documents/2014GRAD/mirror/final/paper1/5_Jc.png> </home/voila/Docum
ents/2014GRAD/mirror/final/paper1/6_Jc.png> </home/voila/Documents/2014GRAD/mir
ror/final/paper1/7_Jc.png> </home/voila/Documents/2014GRAD/mirror/final/paper1/
0_adj_primal.png> </home/voila/Documents/2014GRAD/mirror/final/paper1/0_adj_twi
n.png> </home/voila/Documents/2014GRAD/mirror/final/paper1/0_adj_err.png> </hom
e/voila/Documents/2014GRAD/mirror/final/paper1/1_adj_primal.png> </home/voila/D
ocuments/2014GRAD/mirror/final/paper1/1_adj_twin.png> </home/voila/Documents/20
14GRAD/mirror/final/paper1/1_adj_err.png> </home/voila/Documents/2014GRAD/mirro
r/final/paper1/2_adj_primal.png> </home/voila/Documents/2014GRAD/mirror/final/p
aper1/2_adj_twin.png> </home/voila/Documents/2014GRAD/mirror/final/paper1/2_adj
_err.png>]
</home/voila/Documents/2014GRAD/mirror/final/paper1/5_adj_primal.png, id=167, 5
78.16pt x 433.62pt>
File: /home/voila/Documents/2014GRAD/mirror/final/paper1/5_adj_primal.png Graph
ic file (type png)

<use /home/voila/Documents/2014GRAD/mirror/final/paper1/5_adj_primal.png>
Package pdftex.def Info: /home/voila/Documents/2014GRAD/mirror/final/paper1/5_a
dj_primal.png used on input line 757.
(pdftex.def)             Requested size: 145.10922pt x 108.82819pt.

</home/voila/Documents/2014GRAD/mirror/final/paper1/5_adj_twin.png, id=168, 578
.16pt x 433.62pt>
File: /home/voila/Documents/2014GRAD/mirror/final/paper1/5_adj_twin.png Graphic
 file (type png)

<use /home/voila/Documents/2014GRAD/mirror/final/paper1/5_adj_twin.png>
Package pdftex.def Info: /home/voila/Documents/2014GRAD/mirror/final/paper1/5_a
dj_twin.png used on input line 758.
(pdftex.def)             Requested size: 145.10922pt x 108.82819pt.

</home/voila/Documents/2014GRAD/mirror/final/paper1/5_adj_err.png, id=169, 578.
16pt x 433.62pt>
File: /home/voila/Documents/2014GRAD/mirror/final/paper1/5_adj_err.png Graphic 
file (type png)

<use /home/voila/Documents/2014GRAD/mirror/final/paper1/5_adj_err.png>
Package pdftex.def Info: /home/voila/Documents/2014GRAD/mirror/final/paper1/5_a
dj_err.png used on input line 759.
(pdftex.def)             Requested size: 145.10922pt x 108.82819pt.

</home/voila/Documents/2014GRAD/mirror/final/paper1/6_adj_primal.png, id=170, 5
78.16pt x 433.62pt>
File: /home/voila/Documents/2014GRAD/mirror/final/paper1/6_adj_primal.png Graph
ic file (type png)

<use /home/voila/Documents/2014GRAD/mirror/final/paper1/6_adj_primal.png>
Package pdftex.def Info: /home/voila/Documents/2014GRAD/mirror/final/paper1/6_a
dj_primal.png used on input line 764.
(pdftex.def)             Requested size: 145.10922pt x 108.82819pt.

</home/voila/Documents/2014GRAD/mirror/final/paper1/6_adj_twin.png, id=171, 578
.16pt x 433.62pt>
File: /home/voila/Documents/2014GRAD/mirror/final/paper1/6_adj_twin.png Graphic
 file (type png)

<use /home/voila/Documents/2014GRAD/mirror/final/paper1/6_adj_twin.png>
Package pdftex.def Info: /home/voila/Documents/2014GRAD/mirror/final/paper1/6_a
dj_twin.png used on input line 765.
(pdftex.def)             Requested size: 145.10922pt x 108.82819pt.

</home/voila/Documents/2014GRAD/mirror/final/paper1/6_adj_err.png, id=172, 578.
16pt x 433.62pt>
File: /home/voila/Documents/2014GRAD/mirror/final/paper1/6_adj_err.png Graphic 
file (type png)

<use /home/voila/Documents/2014GRAD/mirror/final/paper1/6_adj_err.png>
Package pdftex.def Info: /home/voila/Documents/2014GRAD/mirror/final/paper1/6_a
dj_err.png used on input line 766.
(pdftex.def)             Requested size: 145.10922pt x 108.82819pt.

</home/voila/Documents/2014GRAD/mirror/final/paper1/7_adj_primal.png, id=173, 5
78.16pt x 433.62pt>
File: /home/voila/Documents/2014GRAD/mirror/final/paper1/7_adj_primal.png Graph
ic file (type png)

<use /home/voila/Documents/2014GRAD/mirror/final/paper1/7_adj_primal.png>
Package pdftex.def Info: /home/voila/Documents/2014GRAD/mirror/final/paper1/7_a
dj_primal.png used on input line 771.
(pdftex.def)             Requested size: 145.10922pt x 108.82819pt.

</home/voila/Documents/2014GRAD/mirror/final/paper1/7_adj_twin.png, id=174, 578
.16pt x 433.62pt>
File: /home/voila/Documents/2014GRAD/mirror/final/paper1/7_adj_twin.png Graphic
 file (type png)

<use /home/voila/Documents/2014GRAD/mirror/final/paper1/7_adj_twin.png>
Package pdftex.def Info: /home/voila/Documents/2014GRAD/mirror/final/paper1/7_a
dj_twin.png used on input line 772.
(pdftex.def)             Requested size: 145.10922pt x 108.82819pt.

</home/voila/Documents/2014GRAD/mirror/final/paper1/7_adj_err.png, id=175, 578.
16pt x 433.62pt>
File: /home/voila/Documents/2014GRAD/mirror/final/paper1/7_adj_err.png Graphic 
file (type png)

<use /home/voila/Documents/2014GRAD/mirror/final/paper1/7_adj_err.png>
Package pdftex.def Info: /home/voila/Documents/2014GRAD/mirror/final/paper1/7_a
dj_err.png used on input line 773.
(pdftex.def)             Requested size: 145.10922pt x 108.82819pt.
 [12 </home/voila/Documents/2014GRAD/mirror/final/paper1/3_adj_primal.png> </ho
me/voila/Documents/2014GRAD/mirror/final/paper1/3_adj_twin.png> </home/voila/Do
cuments/2014GRAD/mirror/final/paper1/3_adj_err.png> </home/voila/Documents/2014
GRAD/mirror/final/paper1/4_adj_primal.png> </home/voila/Documents/2014GRAD/mirr
or/final/paper1/4_adj_twin.png> </home/voila/Documents/2014GRAD/mirror/final/pa
per1/4_adj_err.png> </home/voila/Documents/2014GRAD/mirror/final/paper1/5_adj_p
rimal.png> </home/voila/Documents/2014GRAD/mirror/final/paper1/5_adj_twin.png> 
</home/voila/Documents/2014GRAD/mirror/final/paper1/5_adj_err.png> </home/voila
/Documents/2014GRAD/mirror/final/paper1/6_adj_primal.png> </home/voila/Document
s/2014GRAD/mirror/final/paper1/6_adj_twin.png> </home/voila/Documents/2014GRAD/
mirror/final/paper1/6_adj_err.png> </home/voila/Documents/2014GRAD/mirror/final
/paper1/7_adj_primal.png> </home/voila/Documents/2014GRAD/mirror/final/paper1/7
_adj_twin.png> </home/voila/Documents/2014GRAD/mirror/final/paper1/7_adj_err.pn
g>]
Missing character: There is no  in font cmr10!
Missing character: There is no  in font cmr10!
Missing character: There is no  in font cmr10!
Missing character: There is no  in font cmr10!
Missing character: There is no  in font cmr10!
Missing character: There is no  in font cmr10!
Missing character: There is no  in font cmr10!
Missing character: There is no  in font cmr10!
Missing character: There is no  in font cmr10!
Missing character: There is no  in font cmr10!

[13] (./paper1.aux)

LaTeX Warning: There were multiply-defined labels.

 ) 
Here is how much of TeX's memory you used:
 15178 strings out of 493308
 281681 string characters out of 6140092
 352306 words of memory out of 5000000
 18248 multiletter control sequences out of 15000+600000
 14258 words of font info for 53 fonts, out of 8000000 for 9000
 957 hyphenation exceptions out of 8191
 56i,18n,69p,435b,414s stack positions out of 5000i,500n,10000p,200000b,80000s
</usr/share/texlive/texmf-dist/fonts/type1/public/amsfonts/cm/cmbx10.pfb></us
r/share/texlive/texmf-dist/fonts/type1/public/amsfonts/cm/cmbx12.pfb></usr/shar
e/texlive/texmf-dist/fonts/type1/public/amsfonts/cm/cmbx7.pfb></usr/share/texli
ve/texmf-dist/fonts/type1/public/amsfonts/cm/cmex10.pfb></usr/share/texlive/tex
mf-dist/fonts/type1/public/amsfonts/cm/cmmi10.pfb></usr/share/texlive/texmf-dis
t/fonts/type1/public/amsfonts/cm/cmmi5.pfb></usr/share/texlive/texmf-dist/fonts
/type1/public/amsfonts/cm/cmmi7.pfb></usr/share/texlive/texmf-dist/fonts/type1/
public/amsfonts/cm/cmr10.pfb></usr/share/texlive/texmf-dist/fonts/type1/public/
amsfonts/cm/cmr12.pfb></usr/share/texlive/texmf-dist/fonts/type1/public/amsfont
s/cm/cmr17.pfb></usr/share/texlive/texmf-dist/fonts/type1/public/amsfonts/cm/cm
r5.pfb></usr/share/texlive/texmf-dist/fonts/type1/public/amsfonts/cm/cmr7.pfb><
/usr/share/texlive/texmf-dist/fonts/type1/public/amsfonts/cm/cmsl10.pfb></usr/s
hare/texlive/texmf-dist/fonts/type1/public/amsfonts/cm/cmssi10.pfb></usr/share/
texlive/texmf-dist/fonts/type1/public/amsfonts/cm/cmsy10.pfb></usr/share/texliv
e/texmf-dist/fonts/type1/public/amsfonts/cm/cmsy7.pfb></usr/share/texlive/texmf
-dist/fonts/type1/public/amsfonts/cm/cmti10.pfb></usr/share/texlive/texmf-dist/
fonts/type1/public/amsfonts/symbols/msbm10.pfb></usr/share/texlive/texmf-dist/f
onts/type1/public/amsfonts/symbols/msbm7.pfb></usr/share/texlive/texmf-dist/fon
ts/type1/urw/zapfding/uzdr.pfb>
Output written on paper1.pdf (13 pages, 1381306 bytes).
PDF statistics:
 260 PDF objects out of 1000 (max. 8388607)
 0 named destinations out of 1000 (max. 500000)
 399 words of extra memory for PDF output out of 10000 (max. 10000000)

